[2025-07-02 16:27:06] [INFO] [fastapi-fastkit] Debug mode enabled. Logging to: /Users/bnbong/Documents/WorkstationFiles/programming/FastAPI-kit/src/fastapi_fastkit/logs/fastkit_debug_20250702_162706.log
[2025-07-02 16:27:06] [INFO] [fastapi-fastkit] FastAPI-fastkit CLI session started at 2025-07-02 16:27:06.952729
[2025-07-02 16:27:06] [STDOUT] INFO     CLI invoked with debug mode:                                           
         /Users/bnbong/Documents/WorkstationFiles/programming/FastAPI-kit/.venv/
         bin/pytest                                                             
[2025-07-02 16:27:06] [INFO] [fastapi-fastkit] CLI invoked with debug mode: /Users/bnbong/Documents/WorkstationFiles/programming/FastAPI-kit/.venv/bin/pytest
[2025-07-02 16:27:06] [STDOUT] ╭─────────────────────────── About FastAPI-fastkit ────────────────────────────╮
│                                                                              │
│     ⚡️ FastAPI fastkit - fastest FastAPI initializer. ⚡️                     │
│                                                                              │
│     Deploy FastAPI app foundation instantly at your local!                   │
│                                                                              │
│     ---                                                                      │
│     - Project Maintainer : bnbong(JunHyeok Lee)                              │
│     - Current Version : 1.0.2                                                │
│     - Github : https://github.com/bnbong/FastAPI-fastkit                     │
│                                                                              │
╰──────────────────────────────────────────────────────────────────────────────╯
[2025-07-02 16:27:06] [STDOUT] FASTKIT_PROJECT_ROOT: /Users/bnbong/Documents/WorkstationFiles/programming/FastAPI-kit/src
USER_WORKSPACE: /Users/bnbong/Documents/WorkstationFiles/programming/FastAPI-kit/tests/temp_test_workspace
